\BOOKMARK [1][-]{section.1}{Introduction}{}% 1
\BOOKMARK [1][-]{section.2}{Edge Optimization}{}% 2
\BOOKMARK [2][-]{subsection.2.1}{Nomenclature}{section.2}% 3
\BOOKMARK [2][-]{subsection.2.2}{Global Pose Optimization}{section.2}% 4
\BOOKMARK [2][-]{subsection.2.3}{Relative Edge Optimization}{section.2}% 5
\BOOKMARK [2][-]{subsection.2.4}{Relative Edge Optimization in SE\(2\)}{section.2}% 6
\BOOKMARK [2][-]{subsection.2.5}{Global Measurement integration}{section.2}% 7
\BOOKMARK [1][-]{section.3}{Comparison: Relative Edge vs. Pose Optimization}{}% 8
\BOOKMARK [2][-]{subsection.3.1}{Equivalent in Well-Conditioned Case}{section.3}% 9
\BOOKMARK [2][-]{subsection.3.2}{Large Heading Errors}{section.3}% 10
\BOOKMARK [2][-]{subsection.3.3}{Global Heading Misalignment}{section.3}% 11
\BOOKMARK [2][-]{subsection.3.4}{Complementary Nature of Edge and Pose Optimization}{section.3}% 12
\BOOKMARK [1][-]{section.4}{Implementation}{}% 13
\BOOKMARK [2][-]{subsection.4.1}{Front-end State Estimation}{section.4}% 14
\BOOKMARK [2][-]{subsection.4.2}{Loop Closure Discovery and Calculation}{section.4}% 15
\BOOKMARK [2][-]{subsection.4.3}{Stochastic Selection of Edges}{section.4}% 16
\BOOKMARK [2][-]{subsection.4.4}{Recursive Optimization Distribution}{section.4}% 17
\BOOKMARK [2][-]{subsection.4.5}{Data Sharing and Communication Network}{section.4}% 18
\BOOKMARK [1][-]{section.5}{Results}{}% 19
\BOOKMARK [2][-]{subsection.5.1}{Simulation}{section.5}% 20
\BOOKMARK [2][-]{subsection.5.2}{Hardware}{section.5}% 21
\BOOKMARK [1][-]{section.6}{Conclusions}{}% 22
